<?xml version="1.0" encoding="UTF-8"?>
<testng-results ignored="0" total="1" passed="1" failed="0" skipped="0">
  <reporter-output>
  </reporter-output>
  <suite started-at="2021-02-04T21:38:53 CET" name="Default suite" finished-at="2021-02-04T21:39:12 CET" duration-ms="18601">
    <groups>
    </groups>
    <test started-at="2021-02-04T21:38:53 CET" name="Default test" finished-at="2021-02-04T21:39:12 CET" duration-ms="18601">
      <class name="tests.DemoTest">
        <test-method is-config="true" signature="preKlase()[pri:0, instance:tests.DemoTest@78aab498]" started-at="2021-02-04T21:38:53 CET" name="preKlase" finished-at="2021-02-04T21:39:02 CET" duration-ms="8731" status="PASS">
          <reporter-output>
          </reporter-output>
        </test-method> <!-- preKlase -->
        <test-method signature="testing()[pri:0, instance:tests.DemoTest@78aab498]" started-at="2021-02-04T21:39:02 CET" name="testing" finished-at="2021-02-04T21:39:12 CET" duration-ms="9755" status="PASS">
          <reporter-output>
          </reporter-output>
        </test-method> <!-- testing -->
      </class> <!-- tests.DemoTest -->
    </test> <!-- Default test -->
  </suite> <!-- Default suite -->
</testng-results>
