<?xml version="1.0" encoding="UTF-8"?>
<testng-results ignored="0" total="1" passed="0" failed="1" skipped="0">
  <reporter-output>
  </reporter-output>
  <suite started-at="2021-02-04T20:30:16 CET" name="Default suite" finished-at="2021-02-04T20:30:33 CET" duration-ms="17113">
    <groups>
    </groups>
    <test started-at="2021-02-04T20:30:16 CET" name="Default test" finished-at="2021-02-04T20:30:33 CET" duration-ms="17113">
      <class name="tests.DemoTest">
        <test-method signature="preKlase()[pri:0, instance:tests.DemoTest@4df50bcc]" started-at="2021-02-04T20:30:16 CET" name="preKlase" finished-at="2021-02-04T20:30:33 CET" duration-ms="16972" status="FAIL">
          <exception class="org.openqa.selenium.SessionNotCreatedException">
            <message>
              <![CDATA[session not created
from chrome not reachable
  (Session info: chrome=88.0.4324.104)
Build info: version: '3.141.59', revision: 'e82be7d358', time: '2018-11-14T08:25:48'
System info: host: 'NEUROMANCER2', ip: '192.168.137.1', os.name: 'Windows 10', os.arch: 'amd64', os.version: '10.0', java.version: '15.0.1'
Driver info: driver.version: ChromeDriver
remote stacktrace: Backtrace:
Ordinal0 [0x0078C0C3+3326147]
Ordinal0 [0x00670851+2164817]
Ordinal0 [0x004F7140+618816]
Ordinal0 [0x004ED404+578564]
Ordinal0 [0x004EDACB+580299]
Ordinal0 [0x004EED35+585013]
Ordinal0 [0x004E9D61+564577]
Ordinal0 [0x004F82C0+623296]
Ordinal0 [0x00496BDD+224221]
Ordinal0 [0x00495CAC+220332]
Ordinal0 [0x0049189B+202907]
Ordinal0 [0x00473DF4+81396]
Ordinal0 [0x00474DEE+85486]
Ordinal0 [0x00474D79+85369]
Ordinal0 [0x006885DC+2262492]
GetHandleVerifier [0x00912874+1487204]
GetHandleVerifier [0x009123CD+1486013]
GetHandleVerifier [0x0091A368+1518680]
GetHandleVerifier [0x00912F4E+1488958]
Ordinal0 [0x0067ED0D+2223373]
Ordinal0 [0x0068A12B+2269483]
Ordinal0 [0x0068A26F+2269807]
Ordinal0 [0x0069ECB8+2354360]
BaseThreadInitThunk [0x774F6359+25]
RtlGetAppContainerNamedObjectPath [0x77968944+228]
RtlGetAppContainerNamedObjectPath [0x77968914+180]
]]>
            </message>
            <full-stacktrace>
              <![CDATA[org.openqa.selenium.SessionNotCreatedException: session not created
from chrome not reachable
  (Session info: chrome=88.0.4324.104)
Build info: version: '3.141.59', revision: 'e82be7d358', time: '2018-11-14T08:25:48'
System info: host: 'NEUROMANCER2', ip: '192.168.137.1', os.name: 'Windows 10', os.arch: 'amd64', os.version: '10.0', java.version: '15.0.1'
Driver info: driver.version: ChromeDriver
remote stacktrace: Backtrace:
Ordinal0 [0x0078C0C3+3326147]
Ordinal0 [0x00670851+2164817]
Ordinal0 [0x004F7140+618816]
Ordinal0 [0x004ED404+578564]
Ordinal0 [0x004EDACB+580299]
Ordinal0 [0x004EED35+585013]
Ordinal0 [0x004E9D61+564577]
Ordinal0 [0x004F82C0+623296]
Ordinal0 [0x00496BDD+224221]
Ordinal0 [0x00495CAC+220332]
Ordinal0 [0x0049189B+202907]
Ordinal0 [0x00473DF4+81396]
Ordinal0 [0x00474DEE+85486]
Ordinal0 [0x00474D79+85369]
Ordinal0 [0x006885DC+2262492]
GetHandleVerifier [0x00912874+1487204]
GetHandleVerifier [0x009123CD+1486013]
GetHandleVerifier [0x0091A368+1518680]
GetHandleVerifier [0x00912F4E+1488958]
Ordinal0 [0x0067ED0D+2223373]
Ordinal0 [0x0068A12B+2269483]
Ordinal0 [0x0068A26F+2269807]
Ordinal0 [0x0069ECB8+2354360]
BaseThreadInitThunk [0x774F6359+25]
RtlGetAppContainerNamedObjectPath [0x77968944+228]
RtlGetAppContainerNamedObjectPath [0x77968914+180]

at java.base/jdk.internal.reflect.NativeConstructorAccessorImpl.newInstance0(Native Method)
at java.base/jdk.internal.reflect.NativeConstructorAccessorImpl.newInstance(NativeConstructorAccessorImpl.java:64)
at java.base/jdk.internal.reflect.DelegatingConstructorAccessorImpl.newInstance(DelegatingConstructorAccessorImpl.java:45)
at java.base/java.lang.reflect.Constructor.newInstanceWithCaller(Constructor.java:500)
at java.base/java.lang.reflect.Constructor.newInstance(Constructor.java:481)
at org.openqa.selenium.remote.W3CHandshakeResponse.lambda$errorHandler$0(W3CHandshakeResponse.java:62)
at org.openqa.selenium.remote.HandshakeResponse.lambda$getResponseFunction$0(HandshakeResponse.java:30)
at org.openqa.selenium.remote.ProtocolHandshake.lambda$createSession$0(ProtocolHandshake.java:126)
at java.base/java.util.stream.ReferencePipeline$3$1.accept(ReferencePipeline.java:195)
at java.base/java.util.Spliterators$ArraySpliterator.tryAdvance(Spliterators.java:958)
at java.base/java.util.stream.ReferencePipeline.forEachWithCancel(ReferencePipeline.java:127)
at java.base/java.util.stream.AbstractPipeline.copyIntoWithCancel(AbstractPipeline.java:502)
at java.base/java.util.stream.AbstractPipeline.copyInto(AbstractPipeline.java:488)
at java.base/java.util.stream.AbstractPipeline.wrapAndCopyInto(AbstractPipeline.java:474)
at java.base/java.util.stream.FindOps$FindOp.evaluateSequential(FindOps.java:150)
at java.base/java.util.stream.AbstractPipeline.evaluate(AbstractPipeline.java:234)
at java.base/java.util.stream.ReferencePipeline.findFirst(ReferencePipeline.java:543)
at org.openqa.selenium.remote.ProtocolHandshake.createSession(ProtocolHandshake.java:128)
at org.openqa.selenium.remote.ProtocolHandshake.createSession(ProtocolHandshake.java:74)
at org.openqa.selenium.remote.HttpCommandExecutor.execute(HttpCommandExecutor.java:136)
at org.openqa.selenium.remote.service.DriverCommandExecutor.execute(DriverCommandExecutor.java:83)
at org.openqa.selenium.remote.RemoteWebDriver.execute(RemoteWebDriver.java:552)
at org.openqa.selenium.remote.RemoteWebDriver.startSession(RemoteWebDriver.java:213)
at org.openqa.selenium.remote.RemoteWebDriver.<init>(RemoteWebDriver.java:131)
at org.openqa.selenium.chrome.ChromeDriver.<init>(ChromeDriver.java:181)
at org.openqa.selenium.chrome.ChromeDriver.<init>(ChromeDriver.java:168)
at org.openqa.selenium.chrome.ChromeDriver.<init>(ChromeDriver.java:123)
at tests.DemoTest.preKlase(DemoTest.java:18)
at java.base/jdk.internal.reflect.NativeMethodAccessorImpl.invoke0(Native Method)
at java.base/jdk.internal.reflect.NativeMethodAccessorImpl.invoke(NativeMethodAccessorImpl.java:64)
at java.base/jdk.internal.reflect.DelegatingMethodAccessorImpl.invoke(DelegatingMethodAccessorImpl.java:43)
at java.base/java.lang.reflect.Method.invoke(Method.java:564)
at org.testng.internal.MethodInvocationHelper.invokeMethod(MethodInvocationHelper.java:132)
at org.testng.internal.TestInvoker.invokeMethod(TestInvoker.java:599)
at org.testng.internal.TestInvoker.invokeTestMethod(TestInvoker.java:174)
at org.testng.internal.MethodRunner.runInSequence(MethodRunner.java:46)
at org.testng.internal.TestInvoker$MethodInvocationAgent.invoke(TestInvoker.java:822)
at org.testng.internal.TestInvoker.invokeTestMethods(TestInvoker.java:147)
at org.testng.internal.TestMethodWorker.invokeTestMethods(TestMethodWorker.java:146)
at org.testng.internal.TestMethodWorker.run(TestMethodWorker.java:128)
at java.base/java.util.ArrayList.forEach(ArrayList.java:1511)
at org.testng.TestRunner.privateRun(TestRunner.java:764)
at org.testng.TestRunner.run(TestRunner.java:585)
at org.testng.SuiteRunner.runTest(SuiteRunner.java:384)
at org.testng.SuiteRunner.runSequentially(SuiteRunner.java:378)
at org.testng.SuiteRunner.privateRun(SuiteRunner.java:337)
at org.testng.SuiteRunner.run(SuiteRunner.java:286)
at org.testng.SuiteRunnerWorker.runSuite(SuiteRunnerWorker.java:53)
at org.testng.SuiteRunnerWorker.run(SuiteRunnerWorker.java:96)
at org.testng.TestNG.runSuitesSequentially(TestNG.java:1218)
at org.testng.TestNG.runSuitesLocally(TestNG.java:1140)
at org.testng.TestNG.runSuites(TestNG.java:1069)
at org.testng.TestNG.run(TestNG.java:1037)
at org.testng.remote.AbstractRemoteTestNG.run(AbstractRemoteTestNG.java:115)
at org.testng.remote.RemoteTestNG.initAndRun(RemoteTestNG.java:251)
at org.testng.remote.RemoteTestNG.main(RemoteTestNG.java:77)
]]>
            </full-stacktrace>
          </exception> <!-- org.openqa.selenium.SessionNotCreatedException -->
          <reporter-output>
          </reporter-output>
        </test-method> <!-- preKlase -->
      </class> <!-- tests.DemoTest -->
    </test> <!-- Default test -->
  </suite> <!-- Default suite -->
</testng-results>
